<?xml version="1.0" encoding="UTF-8"?>
<robot generator="Robot 7.0 (Python 3.12.2 on win32)" generated="2024-04-20T22:17:15.996640" rpa="false" schemaversion="5">
<suite id="s1" name="put alterarCentrodeCustos" source="c:\Users\etmom\Desktop\academy-chips -robot\academy\tests\put_alterarCentrodeCustos.robot">
<test id="s1-t1" name="CT01 - Alterar Centro de Custos" line="8">
<kw name="Criar sessão" owner="arquivo_geral">
<kw name="Create Dictionary" owner="BuiltIn">
<msg time="2024-04-20T22:17:16.257767" level="INFO">${headers} = {'accept': 'application/json', 'Content-Type': 'application/json'}</msg>
<var>${headers}</var>
<arg>accept=application/json</arg>
<arg>Content-Type=application/json</arg>
<doc>Creates and returns a dictionary based on the given ``items``.</doc>
<status status="PASS" start="2024-04-20T22:17:16.257767" elapsed="0.003000"/>
</kw>
<kw name="Create Session" owner="RequestsLibrary">
<msg time="2024-04-20T22:17:16.261766" level="INFO">Creating Session using : alias=Chips, url=https://chips.qacoders-academy.com.br, headers={'accept': 'application/json', 'Content-Type': 'application/json'},                     cookies={}, auth=None, timeout=None, proxies=None, verify=False,                     debug=0 </msg>
<arg>alias=Chips</arg>
<arg>url=${url}</arg>
<arg>headers=${headers}</arg>
<doc>Create Session: create a HTTP session to a server</doc>
<status status="PASS" start="2024-04-20T22:17:16.261766" elapsed="0.001000"/>
</kw>
<status status="PASS" start="2024-04-20T22:17:16.256767" elapsed="0.005999"/>
</kw>
<kw name="Entrar com usuário sysadmin" owner="login_Sysadmin">
<kw name="Create Dictionary" owner="BuiltIn">
<msg time="2024-04-20T22:17:16.264768" level="INFO">${body} = {'mail': 'sysadmin@qacoders.com', 'password': '1234@Test'}</msg>
<var>${body}</var>
<arg>mail=${mail}</arg>
<arg>password=${password}</arg>
<doc>Creates and returns a dictionary based on the given ``items``.</doc>
<status status="PASS" start="2024-04-20T22:17:16.263767" elapsed="0.001001"/>
</kw>
<kw name="Log" owner="BuiltIn">
<msg time="2024-04-20T22:17:16.265767" level="INFO">{'mail': 'sysadmin@qacoders.com', 'password': '1234@Test'}</msg>
<arg>${body}</arg>
<doc>Logs the given message with the given level.</doc>
<status status="PASS" start="2024-04-20T22:17:16.265767" elapsed="0.000000"/>
</kw>
<kw name="Criar sessão" owner="arquivo_geral">
<kw name="Create Dictionary" owner="BuiltIn">
<msg time="2024-04-20T22:17:16.266767" level="INFO">${headers} = {'accept': 'application/json', 'Content-Type': 'application/json'}</msg>
<var>${headers}</var>
<arg>accept=application/json</arg>
<arg>Content-Type=application/json</arg>
<doc>Creates and returns a dictionary based on the given ``items``.</doc>
<status status="PASS" start="2024-04-20T22:17:16.265767" elapsed="0.001000"/>
</kw>
<kw name="Create Session" owner="RequestsLibrary">
<msg time="2024-04-20T22:17:16.266767" level="INFO">Creating Session using : alias=Chips, url=https://chips.qacoders-academy.com.br, headers={'accept': 'application/json', 'Content-Type': 'application/json'},                     cookies={}, auth=None, timeout=None, proxies=None, verify=False,                     debug=0 </msg>
<arg>alias=Chips</arg>
<arg>url=${url}</arg>
<arg>headers=${headers}</arg>
<doc>Create Session: create a HTTP session to a server</doc>
<status status="PASS" start="2024-04-20T22:17:16.266767" elapsed="0.000000"/>
</kw>
<status status="PASS" start="2024-04-20T22:17:16.265767" elapsed="0.002001"/>
</kw>
<kw name="POST On Session" owner="RequestsLibrary">
<msg time="2024-04-20T22:17:18.194465" level="INFO">POST Request : url=https://chips.qacoders-academy.com.br/api/login/ 
 path_url=/api/login/ 
 headers={'User-Agent': 'python-requests/2.31.0', 'Accept-Encoding': 'gzip, deflate', 'accept': 'application/json', 'Connection': 'keep-alive', 'Content-Type': 'application/json', 'Content-Length': '58'} 
 body=b'{"mail": "sysadmin@qacoders.com", "password": "1234@Test"}' 
 </msg>
<msg time="2024-04-20T22:17:18.194465" level="INFO">POST Response : url=https://chips.qacoders-academy.com.br/api/login/ 
 status=200, reason=OK 
 headers={'Server': 'nginx/1.18.0 (Ubuntu)', 'Date': 'Sat, 20 Apr 2024 21:17:32 GMT', 'Content-Type': 'application/json; charset=utf-8', 'Transfer-Encoding': 'chunked', 'Connection': 'keep-alive', 'X-Powered-By': 'Express', 'Access-Control-Allow-Origin': '*', 'Access-Control-Allow-Methods': 'GET, POST, OPTIONS, PUT, PATCH, DELETE', 'Access-Control-Allow-Headers': 'Origin, X-Requested-With, Content-Type, Accept, Authorization', 'ETag': 'W/"534-C0Hn/sNQjIDQNvgqNxsnSYUtB3g"', 'Content-Encoding': 'gzip'} 
 body={"msg":"Olá Qa-Coders-SYSADMIN, autenticação autorizada com sucesso!","user":{"_id":"65330feee76064f459d5f10d","fullName":"Qa-Coders-SYSADMIN","mail":"sysadmin@qacoders.com","password":"$2b$10$aMz854AFjDMkpQfzkN4jXuCNkAjVHK/FTy.YtZaw3jGpzs/TgmKiK","accessProfile":"SYSADMIN","cpf":"11111111111","status":true,"audit":[{"registeredBy":{"userId":"111111111111111111","userLogin":"sysadmin@qacoders.com"},"registrationDate":"sexta-feira, 20/10/2023, 20:40:30 BRT","registrationNumber":"01","companyId":"Qa.Coders","_id":"65330feee76064f459d5f10e"}],"__v":0},"token":"eyJhbGciOiJIUzI1NiIsInR5cCI6IkpXVCJ9.eyJfaWQiOiI2NTMzMGZlZWU3NjA2NGY0NTlkNWYxMGQiLCJmdWxsTmFtZSI6IlFhLUNvZGVycy1TWVNBRE1JTiIsIm1haWwiOiJzeXNhZG1pbkBxYWNvZGVycy5jb20iLCJwYXNzd29yZCI6IiQyYiQxMCRhTXo4NTRBRmpETWtwUWZ6a040alh1Q05rQWpWSEsvRlR5Lll0WmF3M2pHcHpzL1RnbUtpSyIsImFjY2Vzc1Byb2ZpbGUiOiJTWVNBRE1JTiIsImNwZiI6IjExMTExMTExMTExIiwic3RhdHVzIjp0cnVlLCJhdWRpdCI6W3sicmVnaXN0ZXJlZEJ5Ijp7InVzZXJJZCI6IjExMTExMTExMTExMTExMTExMSIsInVzZXJMb2dpbiI6InN5c2FkbWluQHFhY29kZXJzLmNvbSJ9LCJyZWdpc3RyYXRpb25EYXRlIjoic2V4dGEtZmVpcmEsIDIwLzEwLzIwMjMsIDIwOjQwOjMwIEJSVCIsInJlZ2lzdHJhdGlvbk51bWJlciI6IjAxIiwiY29tcGFueUlkIjoiUWEuQ29kZXJzIiwiX2lkIjoiNjUzMzBmZWVlNzYwNjRmNDU5ZDVmMTBlIn1dLCJfX3YiOjAsImlhdCI6MTcxMzY0Nzg1MiwiZXhwIjoxNzEzNzM0MjUyfQ.hPsffgtEqJ4OOUdA8kBjDQNFTP5e39CUWAwtLJ-qtHQ"} 
 </msg>
<msg time="2024-04-20T22:17:18.194465" level="INFO">C:\Users\etmom\AppData\Local\Programs\Python\Python312\Lib\site-packages\urllib3\connectionpool.py:1103: InsecureRequestWarning: Unverified HTTPS request is being made to host 'chips.qacoders-academy.com.br'. Adding certificate verification is strongly advised. See: https://urllib3.readthedocs.io/en/latest/advanced-usage.html#tls-warnings
  warnings.warn(</msg>
<msg time="2024-04-20T22:17:18.196466" level="INFO">${resposta} = &lt;Response [200]&gt;</msg>
<var>${resposta}</var>
<arg>alias=Chips</arg>
<arg>url=/api/login/</arg>
<arg>json=${body}</arg>
<doc>Sends a POST request on a previously created HTTP Session.</doc>
<status status="PASS" start="2024-04-20T22:17:16.267768" elapsed="1.928698"/>
</kw>
<kw name="Log" owner="BuiltIn">
<msg time="2024-04-20T22:17:18.197470" level="INFO">{'msg': 'Olá Qa-Coders-SYSADMIN, autenticação autorizada com sucesso!', 'user': {'_id': '65330feee76064f459d5f10d', 'fullName': 'Qa-Coders-SYSADMIN', 'mail': 'sysadmin@qacoders.com', 'password': '$2b$10$aMz854AFjDMkpQfzkN4jXuCNkAjVHK/FTy.YtZaw3jGpzs/TgmKiK', 'accessProfile': 'SYSADMIN', 'cpf': '11111111111', 'status': True, 'audit': [{'registeredBy': {'userId': '111111111111111111', 'userLogin': 'sysadmin@qacoders.com'}, 'registrationDate': 'sexta-feira, 20/10/2023, 20:40:30 BRT', 'registrationNumber': '01', 'companyId': 'Qa.Coders', '_id': '65330feee76064f459d5f10e'}], '__v': 0}, 'token': 'eyJhbGciOiJIUzI1NiIsInR5cCI6IkpXVCJ9.eyJfaWQiOiI2NTMzMGZlZWU3NjA2NGY0NTlkNWYxMGQiLCJmdWxsTmFtZSI6IlFhLUNvZGVycy1TWVNBRE1JTiIsIm1haWwiOiJzeXNhZG1pbkBxYWNvZGVycy5jb20iLCJwYXNzd29yZCI6IiQyYiQxMCRhTXo4NTRBRmpETWtwUWZ6a040alh1Q05rQWpWSEsvRlR5Lll0WmF3M2pHcHpzL1RnbUtpSyIsImFjY2Vzc1Byb2ZpbGUiOiJTWVNBRE1JTiIsImNwZiI6IjExMTExMTExMTExIiwic3RhdHVzIjp0cnVlLCJhdWRpdCI6W3sicmVnaXN0ZXJlZEJ5Ijp7InVzZXJJZCI6IjExMTExMTExMTExMTExMTExMSIsInVzZXJMb2dpbiI6InN5c2FkbWluQHFhY29kZXJzLmNvbSJ9LCJyZWdpc3RyYXRpb25EYXRlIjoic2V4dGEtZmVpcmEsIDIwLzEwLzIwMjMsIDIwOjQwOjMwIEJSVCIsInJlZ2lzdHJhdGlvbk51bWJlciI6IjAxIiwiY29tcGFueUlkIjoiUWEuQ29kZXJzIiwiX2lkIjoiNjUzMzBmZWVlNzYwNjRmNDU5ZDVmMTBlIn1dLCJfX3YiOjAsImlhdCI6MTcxMzY0Nzg1MiwiZXhwIjoxNzEzNzM0MjUyfQ.hPsffgtEqJ4OOUdA8kBjDQNFTP5e39CUWAwtLJ-qtHQ'}</msg>
<arg>${resposta.json()}</arg>
<doc>Logs the given message with the given level.</doc>
<status status="PASS" start="2024-04-20T22:17:18.196466" elapsed="0.001004"/>
</kw>
<kw name="Set Test Variable" owner="BuiltIn">
<msg time="2024-04-20T22:17:18.199468" level="INFO">${TOKEN} = eyJhbGciOiJIUzI1NiIsInR5cCI6IkpXVCJ9.eyJfaWQiOiI2NTMzMGZlZWU3NjA2NGY0NTlkNWYxMGQiLCJmdWxsTmFtZSI6IlFhLUNvZGVycy1TWVNBRE1JTiIsIm1haWwiOiJzeXNhZG1pbkBxYWNvZGVycy5jb20iLCJwYXNzd29yZCI6IiQyYiQxMCRhTXo4NTR...</msg>
<arg>${TOKEN}</arg>
<arg>${resposta.json()["token"]}</arg>
<doc>Makes a variable available everywhere within the scope of the current test.</doc>
<status status="PASS" start="2024-04-20T22:17:18.198467" elapsed="0.001001"/>
</kw>
<status status="PASS" start="2024-04-20T22:17:16.263767" elapsed="1.935701"/>
</kw>
<kw name="Criar uma nova Diretoria" owner="criarCentrodeCustos">
<kw name="Generate Random String" owner="String">
<msg time="2024-04-20T22:17:18.200466" level="INFO">${palavra_randomica} = wdiNtRmZ</msg>
<var>${palavra_randomica}</var>
<arg>length=8</arg>
<arg>chars=[LETTERS]</arg>
<doc>Generates a string with a desired ``length`` from the given ``chars``.</doc>
<status status="PASS" start="2024-04-20T22:17:18.200466" elapsed="0.001000"/>
</kw>
<kw name="Convert To Lower Case" owner="String">
<msg time="2024-04-20T22:17:18.201466" level="INFO">${palavra_randomica} = wdintrmz</msg>
<var>${palavra_randomica}</var>
<arg>${palavra_randomica}</arg>
<doc>Converts string to lower case.</doc>
<status status="PASS" start="2024-04-20T22:17:18.201466" elapsed="0.000000"/>
</kw>
<kw name="Set Test Variable" owner="BuiltIn">
<msg time="2024-04-20T22:17:18.202470" level="INFO">${BOARD_NAME} = wdintrmz</msg>
<arg>${BOARD_NAME}</arg>
<arg>${palavra_randomica}</arg>
<doc>Makes a variable available everywhere within the scope of the current test.</doc>
<status status="PASS" start="2024-04-20T22:17:18.202470" elapsed="0.000000"/>
</kw>
<kw name="Log" owner="BuiltIn">
<msg time="2024-04-20T22:17:18.203470" level="INFO">wdintrmz</msg>
<arg>${BOARD_NAME}</arg>
<doc>Logs the given message with the given level.</doc>
<status status="PASS" start="2024-04-20T22:17:18.203470" elapsed="0.000000"/>
</kw>
<status status="PASS" start="2024-04-20T22:17:18.200466" elapsed="0.003004"/>
</kw>
<kw name="Cadastrar a nova Diretoria criada" owner="criarCentrodeCustos">
<kw name="Create Dictionary" owner="BuiltIn">
<msg time="2024-04-20T22:17:18.204468" level="INFO">${body} = {'boardName': 'wdintrmz'}</msg>
<var>${body}</var>
<arg>boardName=${BOARD_NAME}</arg>
<doc>Creates and returns a dictionary based on the given ``items``.</doc>
<status status="PASS" start="2024-04-20T22:17:18.204468" elapsed="0.000000"/>
</kw>
<kw name="Log" owner="BuiltIn">
<msg time="2024-04-20T22:17:18.205469" level="INFO">{'boardName': 'wdintrmz'}</msg>
<arg>${body}</arg>
<doc>Logs the given message with the given level.</doc>
<status status="PASS" start="2024-04-20T22:17:18.204468" elapsed="0.001001"/>
</kw>
<kw name="Criar sessão" owner="arquivo_geral">
<kw name="Create Dictionary" owner="BuiltIn">
<msg time="2024-04-20T22:17:18.206469" level="INFO">${headers} = {'accept': 'application/json', 'Content-Type': 'application/json'}</msg>
<var>${headers}</var>
<arg>accept=application/json</arg>
<arg>Content-Type=application/json</arg>
<doc>Creates and returns a dictionary based on the given ``items``.</doc>
<status status="PASS" start="2024-04-20T22:17:18.205469" elapsed="0.001000"/>
</kw>
<kw name="Create Session" owner="RequestsLibrary">
<msg time="2024-04-20T22:17:18.206469" level="INFO">Creating Session using : alias=Chips, url=https://chips.qacoders-academy.com.br, headers={'accept': 'application/json', 'Content-Type': 'application/json'},                     cookies={}, auth=None, timeout=None, proxies=None, verify=False,                     debug=0 </msg>
<arg>alias=Chips</arg>
<arg>url=${url}</arg>
<arg>headers=${headers}</arg>
<doc>Create Session: create a HTTP session to a server</doc>
<status status="PASS" start="2024-04-20T22:17:18.206469" elapsed="0.000000"/>
</kw>
<status status="PASS" start="2024-04-20T22:17:18.205469" elapsed="0.001998"/>
</kw>
<kw name="Entrar com usuário sysadmin" owner="login_Sysadmin">
<kw name="Create Dictionary" owner="BuiltIn">
<msg time="2024-04-20T22:17:18.207467" level="INFO">${body} = {'mail': 'sysadmin@qacoders.com', 'password': '1234@Test'}</msg>
<var>${body}</var>
<arg>mail=${mail}</arg>
<arg>password=${password}</arg>
<doc>Creates and returns a dictionary based on the given ``items``.</doc>
<status status="PASS" start="2024-04-20T22:17:18.207467" elapsed="0.001002"/>
</kw>
<kw name="Log" owner="BuiltIn">
<msg time="2024-04-20T22:17:18.208469" level="INFO">{'mail': 'sysadmin@qacoders.com', 'password': '1234@Test'}</msg>
<arg>${body}</arg>
<doc>Logs the given message with the given level.</doc>
<status status="PASS" start="2024-04-20T22:17:18.208469" elapsed="0.000000"/>
</kw>
<kw name="Criar sessão" owner="arquivo_geral">
<kw name="Create Dictionary" owner="BuiltIn">
<msg time="2024-04-20T22:17:18.209467" level="INFO">${headers} = {'accept': 'application/json', 'Content-Type': 'application/json'}</msg>
<var>${headers}</var>
<arg>accept=application/json</arg>
<arg>Content-Type=application/json</arg>
<doc>Creates and returns a dictionary based on the given ``items``.</doc>
<status status="PASS" start="2024-04-20T22:17:18.209467" elapsed="0.000000"/>
</kw>
<kw name="Create Session" owner="RequestsLibrary">
<msg time="2024-04-20T22:17:18.210468" level="INFO">Creating Session using : alias=Chips, url=https://chips.qacoders-academy.com.br, headers={'accept': 'application/json', 'Content-Type': 'application/json'},                     cookies={}, auth=None, timeout=None, proxies=None, verify=False,                     debug=0 </msg>
<arg>alias=Chips</arg>
<arg>url=${url}</arg>
<arg>headers=${headers}</arg>
<doc>Create Session: create a HTTP session to a server</doc>
<status status="PASS" start="2024-04-20T22:17:18.209467" elapsed="0.001001"/>
</kw>
<status status="PASS" start="2024-04-20T22:17:18.208469" elapsed="0.001999"/>
</kw>
<kw name="POST On Session" owner="RequestsLibrary">
<msg time="2024-04-20T22:17:20.188781" level="INFO">POST Request : url=https://chips.qacoders-academy.com.br/api/login/ 
 path_url=/api/login/ 
 headers={'User-Agent': 'python-requests/2.31.0', 'Accept-Encoding': 'gzip, deflate', 'accept': 'application/json', 'Connection': 'keep-alive', 'Content-Type': 'application/json', 'Content-Length': '58'} 
 body=b'{"mail": "sysadmin@qacoders.com", "password": "1234@Test"}' 
 </msg>
<msg time="2024-04-20T22:17:20.188781" level="INFO">POST Response : url=https://chips.qacoders-academy.com.br/api/login/ 
 status=200, reason=OK 
 headers={'Server': 'nginx/1.18.0 (Ubuntu)', 'Date': 'Sat, 20 Apr 2024 21:17:34 GMT', 'Content-Type': 'application/json; charset=utf-8', 'Transfer-Encoding': 'chunked', 'Connection': 'keep-alive', 'X-Powered-By': 'Express', 'Access-Control-Allow-Origin': '*', 'Access-Control-Allow-Methods': 'GET, POST, OPTIONS, PUT, PATCH, DELETE', 'Access-Control-Allow-Headers': 'Origin, X-Requested-With, Content-Type, Accept, Authorization', 'ETag': 'W/"534-g1VCsuqThjyS4Q74s6Yy0Yn8z7U"', 'Content-Encoding': 'gzip'} 
 body={"msg":"Olá Qa-Coders-SYSADMIN, autenticação autorizada com sucesso!","user":{"_id":"65330feee76064f459d5f10d","fullName":"Qa-Coders-SYSADMIN","mail":"sysadmin@qacoders.com","password":"$2b$10$aMz854AFjDMkpQfzkN4jXuCNkAjVHK/FTy.YtZaw3jGpzs/TgmKiK","accessProfile":"SYSADMIN","cpf":"11111111111","status":true,"audit":[{"registeredBy":{"userId":"111111111111111111","userLogin":"sysadmin@qacoders.com"},"registrationDate":"sexta-feira, 20/10/2023, 20:40:30 BRT","registrationNumber":"01","companyId":"Qa.Coders","_id":"65330feee76064f459d5f10e"}],"__v":0},"token":"eyJhbGciOiJIUzI1NiIsInR5cCI6IkpXVCJ9.eyJfaWQiOiI2NTMzMGZlZWU3NjA2NGY0NTlkNWYxMGQiLCJmdWxsTmFtZSI6IlFhLUNvZGVycy1TWVNBRE1JTiIsIm1haWwiOiJzeXNhZG1pbkBxYWNvZGVycy5jb20iLCJwYXNzd29yZCI6IiQyYiQxMCRhTXo4NTRBRmpETWtwUWZ6a040alh1Q05rQWpWSEsvRlR5Lll0WmF3M2pHcHpzL1RnbUtpSyIsImFjY2Vzc1Byb2ZpbGUiOiJTWVNBRE1JTiIsImNwZiI6IjExMTExMTExMTExIiwic3RhdHVzIjp0cnVlLCJhdWRpdCI6W3sicmVnaXN0ZXJlZEJ5Ijp7InVzZXJJZCI6IjExMTExMTExMTExMTExMTExMSIsInVzZXJMb2dpbiI6InN5c2FkbWluQHFhY29kZXJzLmNvbSJ9LCJyZWdpc3RyYXRpb25EYXRlIjoic2V4dGEtZmVpcmEsIDIwLzEwLzIwMjMsIDIwOjQwOjMwIEJSVCIsInJlZ2lzdHJhdGlvbk51bWJlciI6IjAxIiwiY29tcGFueUlkIjoiUWEuQ29kZXJzIiwiX2lkIjoiNjUzMzBmZWVlNzYwNjRmNDU5ZDVmMTBlIn1dLCJfX3YiOjAsImlhdCI6MTcxMzY0Nzg1NCwiZXhwIjoxNzEzNzM0MjU0fQ.HyO2Kf8f5LB1I53H-Zgk87fGLXw007P63SoU5uiZy1o"} 
 </msg>
<msg time="2024-04-20T22:17:20.188781" level="INFO">C:\Users\etmom\AppData\Local\Programs\Python\Python312\Lib\site-packages\urllib3\connectionpool.py:1103: InsecureRequestWarning: Unverified HTTPS request is being made to host 'chips.qacoders-academy.com.br'. Adding certificate verification is strongly advised. See: https://urllib3.readthedocs.io/en/latest/advanced-usage.html#tls-warnings
  warnings.warn(</msg>
<msg time="2024-04-20T22:17:20.191300" level="INFO">${resposta} = &lt;Response [200]&gt;</msg>
<var>${resposta}</var>
<arg>alias=Chips</arg>
<arg>url=/api/login/</arg>
<arg>json=${body}</arg>
<doc>Sends a POST request on a previously created HTTP Session.</doc>
<status status="PASS" start="2024-04-20T22:17:18.210468" elapsed="1.980832"/>
</kw>
<kw name="Log" owner="BuiltIn">
<msg time="2024-04-20T22:17:20.192305" level="INFO">{'msg': 'Olá Qa-Coders-SYSADMIN, autenticação autorizada com sucesso!', 'user': {'_id': '65330feee76064f459d5f10d', 'fullName': 'Qa-Coders-SYSADMIN', 'mail': 'sysadmin@qacoders.com', 'password': '$2b$10$aMz854AFjDMkpQfzkN4jXuCNkAjVHK/FTy.YtZaw3jGpzs/TgmKiK', 'accessProfile': 'SYSADMIN', 'cpf': '11111111111', 'status': True, 'audit': [{'registeredBy': {'userId': '111111111111111111', 'userLogin': 'sysadmin@qacoders.com'}, 'registrationDate': 'sexta-feira, 20/10/2023, 20:40:30 BRT', 'registrationNumber': '01', 'companyId': 'Qa.Coders', '_id': '65330feee76064f459d5f10e'}], '__v': 0}, 'token': 'eyJhbGciOiJIUzI1NiIsInR5cCI6IkpXVCJ9.eyJfaWQiOiI2NTMzMGZlZWU3NjA2NGY0NTlkNWYxMGQiLCJmdWxsTmFtZSI6IlFhLUNvZGVycy1TWVNBRE1JTiIsIm1haWwiOiJzeXNhZG1pbkBxYWNvZGVycy5jb20iLCJwYXNzd29yZCI6IiQyYiQxMCRhTXo4NTRBRmpETWtwUWZ6a040alh1Q05rQWpWSEsvRlR5Lll0WmF3M2pHcHpzL1RnbUtpSyIsImFjY2Vzc1Byb2ZpbGUiOiJTWVNBRE1JTiIsImNwZiI6IjExMTExMTExMTExIiwic3RhdHVzIjp0cnVlLCJhdWRpdCI6W3sicmVnaXN0ZXJlZEJ5Ijp7InVzZXJJZCI6IjExMTExMTExMTExMTExMTExMSIsInVzZXJMb2dpbiI6InN5c2FkbWluQHFhY29kZXJzLmNvbSJ9LCJyZWdpc3RyYXRpb25EYXRlIjoic2V4dGEtZmVpcmEsIDIwLzEwLzIwMjMsIDIwOjQwOjMwIEJSVCIsInJlZ2lzdHJhdGlvbk51bWJlciI6IjAxIiwiY29tcGFueUlkIjoiUWEuQ29kZXJzIiwiX2lkIjoiNjUzMzBmZWVlNzYwNjRmNDU5ZDVmMTBlIn1dLCJfX3YiOjAsImlhdCI6MTcxMzY0Nzg1NCwiZXhwIjoxNzEzNzM0MjU0fQ.HyO2Kf8f5LB1I53H-Zgk87fGLXw007P63SoU5uiZy1o'}</msg>
<arg>${resposta.json()}</arg>
<doc>Logs the given message with the given level.</doc>
<status status="PASS" start="2024-04-20T22:17:20.191300" elapsed="0.002006"/>
</kw>
<kw name="Set Test Variable" owner="BuiltIn">
<msg time="2024-04-20T22:17:20.194305" level="INFO">${TOKEN} = eyJhbGciOiJIUzI1NiIsInR5cCI6IkpXVCJ9.eyJfaWQiOiI2NTMzMGZlZWU3NjA2NGY0NTlkNWYxMGQiLCJmdWxsTmFtZSI6IlFhLUNvZGVycy1TWVNBRE1JTiIsIm1haWwiOiJzeXNhZG1pbkBxYWNvZGVycy5jb20iLCJwYXNzd29yZCI6IiQyYiQxMCRhTXo4NTR...</msg>
<arg>${TOKEN}</arg>
<arg>${resposta.json()["token"]}</arg>
<doc>Makes a variable available everywhere within the scope of the current test.</doc>
<status status="PASS" start="2024-04-20T22:17:20.193306" elapsed="0.000999"/>
</kw>
<status status="PASS" start="2024-04-20T22:17:18.207467" elapsed="1.986838"/>
</kw>
<kw name="Create Dictionary" owner="BuiltIn">
<msg time="2024-04-20T22:17:20.194305" level="INFO">${headers} = {'Authorization': 'eyJhbGciOiJIUzI1NiIsInR5cCI6IkpXVCJ9.eyJfaWQiOiI2NTMzMGZlZWU3NjA2NGY0NTlkNWYxMGQiLCJmdWxsTmFtZSI6IlFhLUNvZGVycy1TWVNBRE1JTiIsIm1haWwiOiJzeXNhZG1pbkBxYWNvZGVycy5jb20iLCJwYXNzd29yZCI6...</msg>
<var>${headers}</var>
<arg>Authorization=${TOKEN}</arg>
<doc>Creates and returns a dictionary based on the given ``items``.</doc>
<status status="PASS" start="2024-04-20T22:17:20.194305" elapsed="0.000000"/>
</kw>
<kw name="POST On Session" owner="RequestsLibrary">
<msg time="2024-04-20T22:17:20.425199" level="INFO">POST Request : url=https://chips.qacoders-academy.com.br/api/board/ 
 path_url=/api/board/ 
 headers={'User-Agent': 'python-requests/2.31.0', 'Accept-Encoding': 'gzip, deflate', 'accept': 'application/json', 'Connection': 'keep-alive', 'Content-Type': 'application/json', 'Authorization': 'eyJhbGciOiJIUzI1NiIsInR5cCI6IkpXVCJ9.eyJfaWQiOiI2NTMzMGZlZWU3NjA2NGY0NTlkNWYxMGQiLCJmdWxsTmFtZSI6IlFhLUNvZGVycy1TWVNBRE1JTiIsIm1haWwiOiJzeXNhZG1pbkBxYWNvZGVycy5jb20iLCJwYXNzd29yZCI6IiQyYiQxMCRhTXo4NTRBRmpETWtwUWZ6a040alh1Q05rQWpWSEsvRlR5Lll0WmF3M2pHcHpzL1RnbUtpSyIsImFjY2Vzc1Byb2ZpbGUiOiJTWVNBRE1JTiIsImNwZiI6IjExMTExMTExMTExIiwic3RhdHVzIjp0cnVlLCJhdWRpdCI6W3sicmVnaXN0ZXJlZEJ5Ijp7InVzZXJJZCI6IjExMTExMTExMTExMTExMTExMSIsInVzZXJMb2dpbiI6InN5c2FkbWluQHFhY29kZXJzLmNvbSJ9LCJyZWdpc3RyYXRpb25EYXRlIjoic2V4dGEtZmVpcmEsIDIwLzEwLzIwMjMsIDIwOjQwOjMwIEJSVCIsInJlZ2lzdHJhdGlvbk51bWJlciI6IjAxIiwiY29tcGFueUlkIjoiUWEuQ29kZXJzIiwiX2lkIjoiNjUzMzBmZWVlNzYwNjRmNDU5ZDVmMTBlIn1dLCJfX3YiOjAsImlhdCI6MTcxMzY0Nzg1NCwiZXhwIjoxNzEzNzM0MjU0fQ.HyO2Kf8f5LB1I53H-Zgk87fGLXw007P63SoU5uiZy1o', 'Content-Length': '25'} 
 body=b'{"boardName": "wdintrmz"}' 
 </msg>
<msg time="2024-04-20T22:17:20.426199" level="INFO">POST Response : url=https://chips.qacoders-academy.com.br/api/board/ 
 status=201, reason=Created 
 headers={'Server': 'nginx/1.18.0 (Ubuntu)', 'Date': 'Sat, 20 Apr 2024 21:17:34 GMT', 'Content-Type': 'application/json; charset=utf-8', 'Content-Length': '339', 'Connection': 'keep-alive', 'X-Powered-By': 'Express', 'Access-Control-Allow-Origin': '*', 'Access-Control-Allow-Methods': 'GET, POST, OPTIONS, PUT, PATCH, DELETE', 'Access-Control-Allow-Headers': 'Origin, X-Requested-With, Content-Type, Accept, Authorization', 'ETag': 'W/"153-sCKcJ848l25l9aodQ5nhs0OAJYo"'} 
 body={"msg":"Cadastro realizado com sucesso!","newBoard":{"boardName":"wdintrmz","boardCode":"371","status":true,"audit":[{"registrationDate":"sábado, 20/04/2024, 18:17:34 BRT","registeredBy":{"userId":"65330feee76064f459d5f10d","userLogin":"sysadmin@qacoders.com"},"_id":"662430ee32cfe27bbd202a83"}],"_id":"662430ee32cfe27bbd202a82","__v":0}} 
 </msg>
<msg time="2024-04-20T22:17:20.426199" level="INFO">C:\Users\etmom\AppData\Local\Programs\Python\Python312\Lib\site-packages\urllib3\connectionpool.py:1103: InsecureRequestWarning: Unverified HTTPS request is being made to host 'chips.qacoders-academy.com.br'. Adding certificate verification is strongly advised. See: https://urllib3.readthedocs.io/en/latest/advanced-usage.html#tls-warnings
  warnings.warn(</msg>
<msg time="2024-04-20T22:17:20.427200" level="INFO">${resposta} = &lt;Response [201]&gt;</msg>
<var>${resposta}</var>
<arg>alias=Chips</arg>
<arg>url=/api/board/</arg>
<arg>json=${body}</arg>
<arg>headers=${headers}</arg>
<arg>expected_status=201</arg>
<doc>Sends a POST request on a previously created HTTP Session.</doc>
<status status="PASS" start="2024-04-20T22:17:20.195309" elapsed="0.232893"/>
</kw>
<kw name="Log" owner="BuiltIn">
<msg time="2024-04-20T22:17:20.429200" level="INFO">{'msg': 'Cadastro realizado com sucesso!', 'newBoard': {'boardName': 'wdintrmz', 'boardCode': '371', 'status': True, 'audit': [{'registrationDate': 'sábado, 20/04/2024, 18:17:34 BRT', 'registeredBy': {'userId': '65330feee76064f459d5f10d', 'userLogin': 'sysadmin@qacoders.com'}, '_id': '662430ee32cfe27bbd202a83'}], '_id': '662430ee32cfe27bbd202a82', '__v': 0}}</msg>
<arg>${resposta.json()}</arg>
<doc>Logs the given message with the given level.</doc>
<status status="PASS" start="2024-04-20T22:17:20.428202" elapsed="0.000998"/>
</kw>
<kw name="Set Test Variable" owner="BuiltIn">
<msg time="2024-04-20T22:17:20.431204" level="INFO">${ID_BOARDI} = 662430ee32cfe27bbd202a82</msg>
<arg>${ID_BOARDI}</arg>
<arg>${resposta.json()["newBoard"]["_id"]}</arg>
<doc>Makes a variable available everywhere within the scope of the current test.</doc>
<status status="PASS" start="2024-04-20T22:17:20.430200" elapsed="0.001004"/>
</kw>
<kw name="Set Test Variable" owner="BuiltIn">
<msg time="2024-04-20T22:17:20.432202" level="INFO">${RESPOSTA} = {'msg': 'Cadastro realizado com sucesso!', 'newBoard': {'boardName': 'wdintrmz', 'boardCode': '371', 'status': True, 'audit': [{'registrationDate': 'sábado, 20/04/2024, 18:17:34 BRT', 'registeredBy': ...</msg>
<arg>${RESPOSTA}</arg>
<arg>${resposta.json()}</arg>
<doc>Makes a variable available everywhere within the scope of the current test.</doc>
<status status="PASS" start="2024-04-20T22:17:20.431204" elapsed="0.000998"/>
</kw>
<status status="PASS" start="2024-04-20T22:17:18.203470" elapsed="2.228732"/>
</kw>
<kw name="Criar um novo Cenro de Custos" owner="criarCentrodeCustos">
<kw name="Generate Random String" owner="String">
<msg time="2024-04-20T22:17:20.433200" level="INFO">${palavra_randomica} = HprfSSwPNG</msg>
<var>${palavra_randomica}</var>
<arg>length=10</arg>
<arg>chars=[LETTERS]</arg>
<doc>Generates a string with a desired ``length`` from the given ``chars``.</doc>
<status status="PASS" start="2024-04-20T22:17:20.433200" elapsed="0.000000"/>
</kw>
<kw name="Convert To Lower Case" owner="String">
<msg time="2024-04-20T22:17:20.434199" level="INFO">${palavra_randomica} = hprfsswpng</msg>
<var>${palavra_randomica}</var>
<arg>${palavra_randomica}</arg>
<doc>Converts string to lower case.</doc>
<status status="PASS" start="2024-04-20T22:17:20.433200" elapsed="0.000999"/>
</kw>
<kw name="Set Test Variable" owner="BuiltIn">
<msg time="2024-04-20T22:17:20.435202" level="INFO">${COSTCENTER_NAME} = hprfsswpng</msg>
<arg>${COSTCENTER_NAME}</arg>
<arg>${palavra_randomica}</arg>
<doc>Makes a variable available everywhere within the scope of the current test.</doc>
<status status="PASS" start="2024-04-20T22:17:20.434199" elapsed="0.001003"/>
</kw>
<kw name="Log" owner="BuiltIn">
<msg time="2024-04-20T22:17:20.435202" level="INFO">hprfsswpng</msg>
<arg>${COSTCENTER_NAME}</arg>
<doc>Logs the given message with the given level.</doc>
<status status="PASS" start="2024-04-20T22:17:20.435202" elapsed="0.001290"/>
</kw>
<status status="PASS" start="2024-04-20T22:17:20.432202" elapsed="0.004290"/>
</kw>
<kw name="Cadastrar o novo Centro de Custos" owner="criarCentrodeCustos">
<kw name="Create Dictionary" owner="BuiltIn">
<msg time="2024-04-20T22:17:20.437495" level="INFO">${body} = {'costCenterName': 'hprfsswpng', 'boardId': '662430ee32cfe27bbd202a82'}</msg>
<var>${body}</var>
<arg>costCenterName=${COSTCENTER_NAME}</arg>
<arg>boardId=${ID_BOARDI}</arg>
<doc>Creates and returns a dictionary based on the given ``items``.</doc>
<status status="PASS" start="2024-04-20T22:17:20.436492" elapsed="0.001003"/>
</kw>
<kw name="Log" owner="BuiltIn">
<msg time="2024-04-20T22:17:20.437495" level="INFO">{'costCenterName': 'hprfsswpng', 'boardId': '662430ee32cfe27bbd202a82'}</msg>
<arg>${body}</arg>
<doc>Logs the given message with the given level.</doc>
<status status="PASS" start="2024-04-20T22:17:20.437495" elapsed="0.000000"/>
</kw>
<kw name="Criar sessão" owner="arquivo_geral">
<kw name="Create Dictionary" owner="BuiltIn">
<msg time="2024-04-20T22:17:20.438491" level="INFO">${headers} = {'accept': 'application/json', 'Content-Type': 'application/json'}</msg>
<var>${headers}</var>
<arg>accept=application/json</arg>
<arg>Content-Type=application/json</arg>
<doc>Creates and returns a dictionary based on the given ``items``.</doc>
<status status="PASS" start="2024-04-20T22:17:20.437495" elapsed="0.000996"/>
</kw>
<kw name="Create Session" owner="RequestsLibrary">
<msg time="2024-04-20T22:17:20.438491" level="INFO">Creating Session using : alias=Chips, url=https://chips.qacoders-academy.com.br, headers={'accept': 'application/json', 'Content-Type': 'application/json'},                     cookies={}, auth=None, timeout=None, proxies=None, verify=False,                     debug=0 </msg>
<arg>alias=Chips</arg>
<arg>url=${url}</arg>
<arg>headers=${headers}</arg>
<doc>Create Session: create a HTTP session to a server</doc>
<status status="PASS" start="2024-04-20T22:17:20.438491" elapsed="0.000000"/>
</kw>
<status status="PASS" start="2024-04-20T22:17:20.437495" elapsed="0.000996"/>
</kw>
<kw name="Entrar com usuário sysadmin" owner="login_Sysadmin">
<kw name="Create Dictionary" owner="BuiltIn">
<msg time="2024-04-20T22:17:20.439492" level="INFO">${body} = {'mail': 'sysadmin@qacoders.com', 'password': '1234@Test'}</msg>
<var>${body}</var>
<arg>mail=${mail}</arg>
<arg>password=${password}</arg>
<doc>Creates and returns a dictionary based on the given ``items``.</doc>
<status status="PASS" start="2024-04-20T22:17:20.439492" elapsed="0.000000"/>
</kw>
<kw name="Log" owner="BuiltIn">
<msg time="2024-04-20T22:17:20.439492" level="INFO">{'mail': 'sysadmin@qacoders.com', 'password': '1234@Test'}</msg>
<arg>${body}</arg>
<doc>Logs the given message with the given level.</doc>
<status status="PASS" start="2024-04-20T22:17:20.439492" elapsed="0.000999"/>
</kw>
<kw name="Criar sessão" owner="arquivo_geral">
<kw name="Create Dictionary" owner="BuiltIn">
<msg time="2024-04-20T22:17:20.440491" level="INFO">${headers} = {'accept': 'application/json', 'Content-Type': 'application/json'}</msg>
<var>${headers}</var>
<arg>accept=application/json</arg>
<arg>Content-Type=application/json</arg>
<doc>Creates and returns a dictionary based on the given ``items``.</doc>
<status status="PASS" start="2024-04-20T22:17:20.440491" elapsed="0.000000"/>
</kw>
<kw name="Create Session" owner="RequestsLibrary">
<msg time="2024-04-20T22:17:20.441492" level="INFO">Creating Session using : alias=Chips, url=https://chips.qacoders-academy.com.br, headers={'accept': 'application/json', 'Content-Type': 'application/json'},                     cookies={}, auth=None, timeout=None, proxies=None, verify=False,                     debug=0 </msg>
<arg>alias=Chips</arg>
<arg>url=${url}</arg>
<arg>headers=${headers}</arg>
<doc>Create Session: create a HTTP session to a server</doc>
<status status="PASS" start="2024-04-20T22:17:20.440491" elapsed="0.001001"/>
</kw>
<status status="PASS" start="2024-04-20T22:17:20.440491" elapsed="0.001001"/>
</kw>
<kw name="POST On Session" owner="RequestsLibrary">
<msg time="2024-04-20T22:17:21.417363" level="INFO">POST Request : url=https://chips.qacoders-academy.com.br/api/login/ 
 path_url=/api/login/ 
 headers={'User-Agent': 'python-requests/2.31.0', 'Accept-Encoding': 'gzip, deflate', 'accept': 'application/json', 'Connection': 'keep-alive', 'Content-Type': 'application/json', 'Content-Length': '58'} 
 body=b'{"mail": "sysadmin@qacoders.com", "password": "1234@Test"}' 
 </msg>
<msg time="2024-04-20T22:17:21.417363" level="INFO">POST Response : url=https://chips.qacoders-academy.com.br/api/login/ 
 status=200, reason=OK 
 headers={'Server': 'nginx/1.18.0 (Ubuntu)', 'Date': 'Sat, 20 Apr 2024 21:17:35 GMT', 'Content-Type': 'application/json; charset=utf-8', 'Transfer-Encoding': 'chunked', 'Connection': 'keep-alive', 'X-Powered-By': 'Express', 'Access-Control-Allow-Origin': '*', 'Access-Control-Allow-Methods': 'GET, POST, OPTIONS, PUT, PATCH, DELETE', 'Access-Control-Allow-Headers': 'Origin, X-Requested-With, Content-Type, Accept, Authorization', 'ETag': 'W/"534-WibMXW2jzPKHOMh4hRCS7tvxyxo"', 'Content-Encoding': 'gzip'} 
 body={"msg":"Olá Qa-Coders-SYSADMIN, autenticação autorizada com sucesso!","user":{"_id":"65330feee76064f459d5f10d","fullName":"Qa-Coders-SYSADMIN","mail":"sysadmin@qacoders.com","password":"$2b$10$aMz854AFjDMkpQfzkN4jXuCNkAjVHK/FTy.YtZaw3jGpzs/TgmKiK","accessProfile":"SYSADMIN","cpf":"11111111111","status":true,"audit":[{"registeredBy":{"userId":"111111111111111111","userLogin":"sysadmin@qacoders.com"},"registrationDate":"sexta-feira, 20/10/2023, 20:40:30 BRT","registrationNumber":"01","companyId":"Qa.Coders","_id":"65330feee76064f459d5f10e"}],"__v":0},"token":"eyJhbGciOiJIUzI1NiIsInR5cCI6IkpXVCJ9.eyJfaWQiOiI2NTMzMGZlZWU3NjA2NGY0NTlkNWYxMGQiLCJmdWxsTmFtZSI6IlFhLUNvZGVycy1TWVNBRE1JTiIsIm1haWwiOiJzeXNhZG1pbkBxYWNvZGVycy5jb20iLCJwYXNzd29yZCI6IiQyYiQxMCRhTXo4NTRBRmpETWtwUWZ6a040alh1Q05rQWpWSEsvRlR5Lll0WmF3M2pHcHpzL1RnbUtpSyIsImFjY2Vzc1Byb2ZpbGUiOiJTWVNBRE1JTiIsImNwZiI6IjExMTExMTExMTExIiwic3RhdHVzIjp0cnVlLCJhdWRpdCI6W3sicmVnaXN0ZXJlZEJ5Ijp7InVzZXJJZCI6IjExMTExMTExMTExMTExMTExMSIsInVzZXJMb2dpbiI6InN5c2FkbWluQHFhY29kZXJzLmNvbSJ9LCJyZWdpc3RyYXRpb25EYXRlIjoic2V4dGEtZmVpcmEsIDIwLzEwLzIwMjMsIDIwOjQwOjMwIEJSVCIsInJlZ2lzdHJhdGlvbk51bWJlciI6IjAxIiwiY29tcGFueUlkIjoiUWEuQ29kZXJzIiwiX2lkIjoiNjUzMzBmZWVlNzYwNjRmNDU5ZDVmMTBlIn1dLCJfX3YiOjAsImlhdCI6MTcxMzY0Nzg1NSwiZXhwIjoxNzEzNzM0MjU1fQ.49S6dMv7XIKjemPgm7o-zfC6dvtnVOB799J819W15PA"} 
 </msg>
<msg time="2024-04-20T22:17:21.418370" level="INFO">C:\Users\etmom\AppData\Local\Programs\Python\Python312\Lib\site-packages\urllib3\connectionpool.py:1103: InsecureRequestWarning: Unverified HTTPS request is being made to host 'chips.qacoders-academy.com.br'. Adding certificate verification is strongly advised. See: https://urllib3.readthedocs.io/en/latest/advanced-usage.html#tls-warnings
  warnings.warn(</msg>
<msg time="2024-04-20T22:17:21.419369" level="INFO">${resposta} = &lt;Response [200]&gt;</msg>
<var>${resposta}</var>
<arg>alias=Chips</arg>
<arg>url=/api/login/</arg>
<arg>json=${body}</arg>
<doc>Sends a POST request on a previously created HTTP Session.</doc>
<status status="PASS" start="2024-04-20T22:17:20.441492" elapsed="0.977877"/>
</kw>
<kw name="Log" owner="BuiltIn">
<msg time="2024-04-20T22:17:21.421645" level="INFO">{'msg': 'Olá Qa-Coders-SYSADMIN, autenticação autorizada com sucesso!', 'user': {'_id': '65330feee76064f459d5f10d', 'fullName': 'Qa-Coders-SYSADMIN', 'mail': 'sysadmin@qacoders.com', 'password': '$2b$10$aMz854AFjDMkpQfzkN4jXuCNkAjVHK/FTy.YtZaw3jGpzs/TgmKiK', 'accessProfile': 'SYSADMIN', 'cpf': '11111111111', 'status': True, 'audit': [{'registeredBy': {'userId': '111111111111111111', 'userLogin': 'sysadmin@qacoders.com'}, 'registrationDate': 'sexta-feira, 20/10/2023, 20:40:30 BRT', 'registrationNumber': '01', 'companyId': 'Qa.Coders', '_id': '65330feee76064f459d5f10e'}], '__v': 0}, 'token': 'eyJhbGciOiJIUzI1NiIsInR5cCI6IkpXVCJ9.eyJfaWQiOiI2NTMzMGZlZWU3NjA2NGY0NTlkNWYxMGQiLCJmdWxsTmFtZSI6IlFhLUNvZGVycy1TWVNBRE1JTiIsIm1haWwiOiJzeXNhZG1pbkBxYWNvZGVycy5jb20iLCJwYXNzd29yZCI6IiQyYiQxMCRhTXo4NTRBRmpETWtwUWZ6a040alh1Q05rQWpWSEsvRlR5Lll0WmF3M2pHcHpzL1RnbUtpSyIsImFjY2Vzc1Byb2ZpbGUiOiJTWVNBRE1JTiIsImNwZiI6IjExMTExMTExMTExIiwic3RhdHVzIjp0cnVlLCJhdWRpdCI6W3sicmVnaXN0ZXJlZEJ5Ijp7InVzZXJJZCI6IjExMTExMTExMTExMTExMTExMSIsInVzZXJMb2dpbiI6InN5c2FkbWluQHFhY29kZXJzLmNvbSJ9LCJyZWdpc3RyYXRpb25EYXRlIjoic2V4dGEtZmVpcmEsIDIwLzEwLzIwMjMsIDIwOjQwOjMwIEJSVCIsInJlZ2lzdHJhdGlvbk51bWJlciI6IjAxIiwiY29tcGFueUlkIjoiUWEuQ29kZXJzIiwiX2lkIjoiNjUzMzBmZWVlNzYwNjRmNDU5ZDVmMTBlIn1dLCJfX3YiOjAsImlhdCI6MTcxMzY0Nzg1NSwiZXhwIjoxNzEzNzM0MjU1fQ.49S6dMv7XIKjemPgm7o-zfC6dvtnVOB799J819W15PA'}</msg>
<arg>${resposta.json()}</arg>
<doc>Logs the given message with the given level.</doc>
<status status="PASS" start="2024-04-20T22:17:21.420371" elapsed="0.001274"/>
</kw>
<kw name="Set Test Variable" owner="BuiltIn">
<msg time="2024-04-20T22:17:21.422653" level="INFO">${TOKEN} = eyJhbGciOiJIUzI1NiIsInR5cCI6IkpXVCJ9.eyJfaWQiOiI2NTMzMGZlZWU3NjA2NGY0NTlkNWYxMGQiLCJmdWxsTmFtZSI6IlFhLUNvZGVycy1TWVNBRE1JTiIsIm1haWwiOiJzeXNhZG1pbkBxYWNvZGVycy5jb20iLCJwYXNzd29yZCI6IiQyYiQxMCRhTXo4NTR...</msg>
<arg>${TOKEN}</arg>
<arg>${resposta.json()["token"]}</arg>
<doc>Makes a variable available everywhere within the scope of the current test.</doc>
<status status="PASS" start="2024-04-20T22:17:21.421645" elapsed="0.001008"/>
</kw>
<status status="PASS" start="2024-04-20T22:17:20.439492" elapsed="0.983161"/>
</kw>
<kw name="Create Dictionary" owner="BuiltIn">
<msg time="2024-04-20T22:17:21.423653" level="INFO">${headers} = {'Authorization': 'eyJhbGciOiJIUzI1NiIsInR5cCI6IkpXVCJ9.eyJfaWQiOiI2NTMzMGZlZWU3NjA2NGY0NTlkNWYxMGQiLCJmdWxsTmFtZSI6IlFhLUNvZGVycy1TWVNBRE1JTiIsIm1haWwiOiJzeXNhZG1pbkBxYWNvZGVycy5jb20iLCJwYXNzd29yZCI6...</msg>
<var>${headers}</var>
<arg>Authorization=${TOKEN}</arg>
<doc>Creates and returns a dictionary based on the given ``items``.</doc>
<status status="PASS" start="2024-04-20T22:17:21.423653" elapsed="0.000000"/>
</kw>
<kw name="POST On Session" owner="RequestsLibrary">
<msg time="2024-04-20T22:17:21.663553" level="INFO">POST Request : url=https://chips.qacoders-academy.com.br/api/costCenter/ 
 path_url=/api/costCenter/ 
 headers={'User-Agent': 'python-requests/2.31.0', 'Accept-Encoding': 'gzip, deflate', 'accept': 'application/json', 'Connection': 'keep-alive', 'Content-Type': 'application/json', 'Authorization': 'eyJhbGciOiJIUzI1NiIsInR5cCI6IkpXVCJ9.eyJfaWQiOiI2NTMzMGZlZWU3NjA2NGY0NTlkNWYxMGQiLCJmdWxsTmFtZSI6IlFhLUNvZGVycy1TWVNBRE1JTiIsIm1haWwiOiJzeXNhZG1pbkBxYWNvZGVycy5jb20iLCJwYXNzd29yZCI6IiQyYiQxMCRhTXo4NTRBRmpETWtwUWZ6a040alh1Q05rQWpWSEsvRlR5Lll0WmF3M2pHcHpzL1RnbUtpSyIsImFjY2Vzc1Byb2ZpbGUiOiJTWVNBRE1JTiIsImNwZiI6IjExMTExMTExMTExIiwic3RhdHVzIjp0cnVlLCJhdWRpdCI6W3sicmVnaXN0ZXJlZEJ5Ijp7InVzZXJJZCI6IjExMTExMTExMTExMTExMTExMSIsInVzZXJMb2dpbiI6InN5c2FkbWluQHFhY29kZXJzLmNvbSJ9LCJyZWdpc3RyYXRpb25EYXRlIjoic2V4dGEtZmVpcmEsIDIwLzEwLzIwMjMsIDIwOjQwOjMwIEJSVCIsInJlZ2lzdHJhdGlvbk51bWJlciI6IjAxIiwiY29tcGFueUlkIjoiUWEuQ29kZXJzIiwiX2lkIjoiNjUzMzBmZWVlNzYwNjRmNDU5ZDVmMTBlIn1dLCJfX3YiOjAsImlhdCI6MTcxMzY0Nzg1NSwiZXhwIjoxNzEzNzM0MjU1fQ.49S6dMv7XIKjemPgm7o-zfC6dvtnVOB799J819W15PA', 'Content-Length': '71'} 
 body=b'{"costCenterName": "hprfsswpng", "boardId": "662430ee32cfe27bbd202a82"}' 
 </msg>
<msg time="2024-04-20T22:17:21.663553" level="INFO">POST Response : url=https://chips.qacoders-academy.com.br/api/costCenter/ 
 status=201, reason=Created 
 headers={'Server': 'nginx/1.18.0 (Ubuntu)', 'Date': 'Sat, 20 Apr 2024 21:17:36 GMT', 'Content-Type': 'application/json; charset=utf-8', 'Content-Length': '394', 'Connection': 'keep-alive', 'X-Powered-By': 'Express', 'Access-Control-Allow-Origin': '*', 'Access-Control-Allow-Methods': 'GET, POST, OPTIONS, PUT, PATCH, DELETE', 'Access-Control-Allow-Headers': 'Origin, X-Requested-With, Content-Type, Accept, Authorization', 'ETag': 'W/"18a-P4ydrgPYmJ7aB2T3hFDxiZSJmIY"'} 
 body={"msg":"Cadastro realizado com sucesso.","newCostCenter":{"costCenterName":"hprfsswpng","costCenterCode":"371.01","board":"662430ee32cfe27bbd202a82","status":true,"audit":[{"registrationDate":"sábado, 20/04/2024, 18:17:36 BRT","registeredBy":{"userId":"65330feee76064f459d5f10d","userLogin":"sysadmin@qacoders.com"},"_id":"662430f032cfe27bbd202a8e"}],"_id":"662430f032cfe27bbd202a8d","__v":0}} 
 </msg>
<msg time="2024-04-20T22:17:21.663553" level="INFO">C:\Users\etmom\AppData\Local\Programs\Python\Python312\Lib\site-packages\urllib3\connectionpool.py:1103: InsecureRequestWarning: Unverified HTTPS request is being made to host 'chips.qacoders-academy.com.br'. Adding certificate verification is strongly advised. See: https://urllib3.readthedocs.io/en/latest/advanced-usage.html#tls-warnings
  warnings.warn(</msg>
<msg time="2024-04-20T22:17:21.664550" level="INFO">${resposta} = &lt;Response [201]&gt;</msg>
<var>${resposta}</var>
<arg>alias=Chips</arg>
<arg>url=/api/costCenter/</arg>
<arg>json=${body}</arg>
<arg>headers=${headers}</arg>
<arg>expected_status=201</arg>
<doc>Sends a POST request on a previously created HTTP Session.</doc>
<status status="PASS" start="2024-04-20T22:17:21.423653" elapsed="0.240897"/>
</kw>
<kw name="Log" owner="BuiltIn">
<msg time="2024-04-20T22:17:21.665555" level="INFO">{'msg': 'Cadastro realizado com sucesso.', 'newCostCenter': {'costCenterName': 'hprfsswpng', 'costCenterCode': '371.01', 'board': '662430ee32cfe27bbd202a82', 'status': True, 'audit': [{'registrationDate': 'sábado, 20/04/2024, 18:17:36 BRT', 'registeredBy': {'userId': '65330feee76064f459d5f10d', 'userLogin': 'sysadmin@qacoders.com'}, '_id': '662430f032cfe27bbd202a8e'}], '_id': '662430f032cfe27bbd202a8d', '__v': 0}}</msg>
<arg>${resposta.json()}</arg>
<doc>Logs the given message with the given level.</doc>
<status status="PASS" start="2024-04-20T22:17:21.664550" elapsed="0.001005"/>
</kw>
<kw name="Set Test Variable" owner="BuiltIn">
<msg time="2024-04-20T22:17:21.666551" level="INFO">${ID_COST} = 662430f032cfe27bbd202a8d</msg>
<arg>${ID_COST}</arg>
<arg>${resposta.json()["newCostCenter"]["_id"]}</arg>
<doc>Makes a variable available everywhere within the scope of the current test.</doc>
<status status="PASS" start="2024-04-20T22:17:21.665555" elapsed="0.000996"/>
</kw>
<kw name="Set Test Variable" owner="BuiltIn">
<msg time="2024-04-20T22:17:21.666551" level="INFO">${RESPOSTA} = {'msg': 'Cadastro realizado com sucesso.', 'newCostCenter': {'costCenterName': 'hprfsswpng', 'costCenterCode': '371.01', 'board': '662430ee32cfe27bbd202a82', 'status': True, 'audit': [{'registrationDa...</msg>
<arg>${RESPOSTA}</arg>
<arg>${resposta.json()}</arg>
<doc>Makes a variable available everywhere within the scope of the current test.</doc>
<status status="PASS" start="2024-04-20T22:17:21.666551" elapsed="0.001000"/>
</kw>
<status status="PASS" start="2024-04-20T22:17:20.436492" elapsed="1.231059"/>
</kw>
<kw name="conferir se este novo centro de custos foi cadastrado corretamente" owner="criarCentrodeCustos">
<kw name="Log" owner="BuiltIn">
<msg time="2024-04-20T22:17:21.667551" level="INFO">{'msg': 'Cadastro realizado com sucesso.', 'newCostCenter': {'costCenterName': 'hprfsswpng', 'costCenterCode': '371.01', 'board': '662430ee32cfe27bbd202a82', 'status': True, 'audit': [{'registrationDate': 'sábado, 20/04/2024, 18:17:36 BRT', 'registeredBy': {'userId': '65330feee76064f459d5f10d', 'userLogin': 'sysadmin@qacoders.com'}, '_id': '662430f032cfe27bbd202a8e'}], '_id': '662430f032cfe27bbd202a8d', '__v': 0}}</msg>
<arg>${RESPOSTA}</arg>
<doc>Logs the given message with the given level.</doc>
<status status="PASS" start="2024-04-20T22:17:21.667551" elapsed="0.001000"/>
</kw>
<kw name="Dictionary Should Contain Item" owner="Collections">
<msg time="2024-04-20T22:17:21.668551" level="INFO">False
False</msg>
<arg>${RESPOSTA}</arg>
<arg>msg</arg>
<arg>Cadastro realizado com sucesso.</arg>
<doc>An item of ``key`` / ``value`` must be found in a ``dictionary``.</doc>
<status status="PASS" start="2024-04-20T22:17:21.668551" elapsed="0.000000"/>
</kw>
<kw name="Dictionary Should Contain Key" owner="Collections">
<msg time="2024-04-20T22:17:21.668551" level="INFO">False</msg>
<arg>${RESPOSTA["newCostCenter"]}</arg>
<arg>board</arg>
<doc>Fails if ``key`` is not found from ``dictionary``.</doc>
<status status="PASS" start="2024-04-20T22:17:21.668551" elapsed="0.000999"/>
</kw>
<kw name="Status Should Be" owner="RequestsLibrary">
<arg>201</arg>
<doc>Fails if response status code is different than the expected.</doc>
<status status="PASS" start="2024-04-20T22:17:21.669550" elapsed="0.000000"/>
</kw>
<status status="PASS" start="2024-04-20T22:17:21.667551" elapsed="0.001999"/>
</kw>
<kw name="Alterar Centro de Custo por id" owner="alterar_CentrodeCustos">
<kw name="Create Dictionary" owner="BuiltIn">
<msg time="2024-04-20T22:17:21.670562" level="INFO">${headers} = {'Authorization': 'eyJhbGciOiJIUzI1NiIsInR5cCI6IkpXVCJ9.eyJfaWQiOiI2NTMzMGZlZWU3NjA2NGY0NTlkNWYxMGQiLCJmdWxsTmFtZSI6IlFhLUNvZGVycy1TWVNBRE1JTiIsIm1haWwiOiJzeXNhZG1pbkBxYWNvZGVycy5jb20iLCJwYXNzd29yZCI6...</msg>
<var>${headers}</var>
<arg>Authorization=${TOKEN}</arg>
<doc>Creates and returns a dictionary based on the given ``items``.</doc>
<status status="PASS" start="2024-04-20T22:17:21.670562" elapsed="0.000988"/>
</kw>
<kw name="PUT On Session" owner="RequestsLibrary">
<msg time="2024-04-20T22:17:21.956755" level="INFO">PUT Request : url=https://chips.qacoders-academy.com.br/api/costCenter/662430f032cfe27bbd202a8d 
 path_url=/api/costCenter/662430f032cfe27bbd202a8d 
 headers={'User-Agent': 'python-requests/2.31.0', 'Accept-Encoding': 'gzip, deflate', 'accept': 'application/json', 'Connection': 'keep-alive', 'Content-Type': 'application/json', 'Authorization': 'eyJhbGciOiJIUzI1NiIsInR5cCI6IkpXVCJ9.eyJfaWQiOiI2NTMzMGZlZWU3NjA2NGY0NTlkNWYxMGQiLCJmdWxsTmFtZSI6IlFhLUNvZGVycy1TWVNBRE1JTiIsIm1haWwiOiJzeXNhZG1pbkBxYWNvZGVycy5jb20iLCJwYXNzd29yZCI6IiQyYiQxMCRhTXo4NTRBRmpETWtwUWZ6a040alh1Q05rQWpWSEsvRlR5Lll0WmF3M2pHcHpzL1RnbUtpSyIsImFjY2Vzc1Byb2ZpbGUiOiJTWVNBRE1JTiIsImNwZiI6IjExMTExMTExMTExIiwic3RhdHVzIjp0cnVlLCJhdWRpdCI6W3sicmVnaXN0ZXJlZEJ5Ijp7InVzZXJJZCI6IjExMTExMTExMTExMTExMTExMSIsInVzZXJMb2dpbiI6InN5c2FkbWluQHFhY29kZXJzLmNvbSJ9LCJyZWdpc3RyYXRpb25EYXRlIjoic2V4dGEtZmVpcmEsIDIwLzEwLzIwMjMsIDIwOjQwOjMwIEJSVCIsInJlZ2lzdHJhdGlvbk51bWJlciI6IjAxIiwiY29tcGFueUlkIjoiUWEuQ29kZXJzIiwiX2lkIjoiNjUzMzBmZWVlNzYwNjRmNDU5ZDVmMTBlIn1dLCJfX3YiOjAsImlhdCI6MTcxMzY0Nzg1NSwiZXhwIjoxNzEzNzM0MjU1fQ.49S6dMv7XIKjemPgm7o-zfC6dvtnVOB799J819W15PA', 'Content-Length': '68'} 
 body={"costCenterName":"stwdintrmz","boardId":"662430ee32cfe27bbd202a82"} 
 </msg>
<msg time="2024-04-20T22:17:21.956755" level="INFO">PUT Response : url=https://chips.qacoders-academy.com.br/api/costCenter/662430f032cfe27bbd202a8d 
 status=200, reason=OK 
 headers={'Server': 'nginx/1.18.0 (Ubuntu)', 'Date': 'Sat, 20 Apr 2024 21:17:36 GMT', 'Content-Type': 'application/json; charset=utf-8', 'Transfer-Encoding': 'chunked', 'Connection': 'keep-alive', 'X-Powered-By': 'Express', 'Access-Control-Allow-Origin': '*', 'Access-Control-Allow-Methods': 'GET, POST, OPTIONS, PUT, PATCH, DELETE', 'Access-Control-Allow-Headers': 'Origin, X-Requested-With, Content-Type, Accept, Authorization', 'ETag': 'W/"239-R3VTL2q6XldAzoODB5ov7nK841k"', 'Content-Encoding': 'gzip'} 
 body={"msg":"Cadastro atualizado com sucesso.","updatedCostCenter":{"_id":"662430f032cfe27bbd202a8d","costCenterName":"stwdintrmz","costCenterCode":"371.01","board":"662430ee32cfe27bbd202a82","status":true,"audit":[{"registeredBy":{"userId":"65330feee76064f459d5f10d","userLogin":"sysadmin@qacoders.com"},"registrationDate":"sábado, 20/04/2024, 18:17:36 BRT","_id":"662430f032cfe27bbd202a8e"},{"updatedBy":{"userId":"65330feee76064f459d5f10d","userLogin":"sysadmin@qacoders.com"},"updateDate":"sábado, 20/04/2024, 18:17:36 BRT","_id":"662430f032cfe27bbd202a96"}],"__v":0}} 
 </msg>
<msg time="2024-04-20T22:17:21.956755" level="INFO">C:\Users\etmom\AppData\Local\Programs\Python\Python312\Lib\site-packages\urllib3\connectionpool.py:1103: InsecureRequestWarning: Unverified HTTPS request is being made to host 'chips.qacoders-academy.com.br'. Adding certificate verification is strongly advised. See: https://urllib3.readthedocs.io/en/latest/advanced-usage.html#tls-warnings
  warnings.warn(</msg>
<msg time="2024-04-20T22:17:21.957754" level="INFO">${alterar_CentrodeCustos} = &lt;Response [200]&gt;</msg>
<var>${alterar_CentrodeCustos}</var>
<arg>alias=Chips</arg>
<arg>url=/api/costCenter/${ID_COST}</arg>
<arg>expected_status=200</arg>
<arg>data={"costCenterName":"st${BOARD_NAME}","boardId":"${ID_BOARDI}"}</arg>
<arg>headers=${headers}</arg>
<doc>Sends a PUT request on a previously created HTTP Session.</doc>
<status status="PASS" start="2024-04-20T22:17:21.671550" elapsed="0.286204"/>
</kw>
<kw name="Log" owner="BuiltIn">
<msg time="2024-04-20T22:17:21.958755" level="INFO">&lt;Response [200]&gt;</msg>
<arg>${alterar_CentrodeCustos}</arg>
<doc>Logs the given message with the given level.</doc>
<status status="PASS" start="2024-04-20T22:17:21.958755" elapsed="0.000000"/>
</kw>
<kw name="Set Test Variable" owner="BuiltIn">
<msg time="2024-04-20T22:17:21.959755" level="INFO">${alterar_CentrodeCustos} = {'msg': 'Cadastro atualizado com sucesso.', 'updatedCostCenter': {'_id': '662430f032cfe27bbd202a8d', 'costCenterName': 'stwdintrmz', 'costCenterCode': '371.01', 'board': '662430ee32cfe27bbd202a82', 's...</msg>
<arg>${alterar_CentrodeCustos}</arg>
<arg>${alterar_CentrodeCustos.json()}</arg>
<doc>Makes a variable available everywhere within the scope of the current test.</doc>
<status status="PASS" start="2024-04-20T22:17:21.959755" elapsed="0.000000"/>
</kw>
<status status="PASS" start="2024-04-20T22:17:21.669550" elapsed="0.290205"/>
</kw>
<kw name="Conferir se Cento de Custos foi alterada corretamente" owner="alterar_CentrodeCustos">
<kw name="Dictionary Should Contain Item" owner="Collections">
<msg time="2024-04-20T22:17:21.961762" level="INFO">False
False</msg>
<arg>${alterar_CentrodeCustos}</arg>
<arg>msg</arg>
<arg>Cadastro atualizado com sucesso.</arg>
<doc>An item of ``key`` / ``value`` must be found in a ``dictionary``.</doc>
<status status="PASS" start="2024-04-20T22:17:21.960755" elapsed="0.001007"/>
</kw>
<status status="PASS" start="2024-04-20T22:17:21.960755" elapsed="0.001007"/>
</kw>
<kw name="Alterar Status Centro de Custo por id" owner="alterar_CentrodeCustos">
<kw name="Create Dictionary" owner="BuiltIn">
<msg time="2024-04-20T22:17:21.963763" level="INFO">${headers} = {'Authorization': 'eyJhbGciOiJIUzI1NiIsInR5cCI6IkpXVCJ9.eyJfaWQiOiI2NTMzMGZlZWU3NjA2NGY0NTlkNWYxMGQiLCJmdWxsTmFtZSI6IlFhLUNvZGVycy1TWVNBRE1JTiIsIm1haWwiOiJzeXNhZG1pbkBxYWNvZGVycy5jb20iLCJwYXNzd29yZCI6...</msg>
<var>${headers}</var>
<arg>Authorization=${TOKEN}</arg>
<doc>Creates and returns a dictionary based on the given ``items``.</doc>
<status status="PASS" start="2024-04-20T22:17:21.963763" elapsed="0.000000"/>
</kw>
<kw name="Create Dictionary" owner="BuiltIn">
<msg time="2024-04-20T22:17:21.963763" level="INFO">${novo_dado} = {'status': 'true'}</msg>
<var>${novo_dado}</var>
<arg>status=true</arg>
<doc>Creates and returns a dictionary based on the given ``items``.</doc>
<status status="PASS" start="2024-04-20T22:17:21.963763" elapsed="0.000000"/>
</kw>
<kw name="PUT On Session" owner="RequestsLibrary">
<msg time="2024-04-20T22:17:22.237426" level="INFO">PUT Request : url=https://chips.qacoders-academy.com.br/api/costCenter/status/662430f032cfe27bbd202a8d 
 path_url=/api/costCenter/status/662430f032cfe27bbd202a8d 
 headers={'User-Agent': 'python-requests/2.31.0', 'Accept-Encoding': 'gzip, deflate', 'accept': 'application/json', 'Connection': 'keep-alive', 'Content-Type': 'application/json', 'Authorization': 'eyJhbGciOiJIUzI1NiIsInR5cCI6IkpXVCJ9.eyJfaWQiOiI2NTMzMGZlZWU3NjA2NGY0NTlkNWYxMGQiLCJmdWxsTmFtZSI6IlFhLUNvZGVycy1TWVNBRE1JTiIsIm1haWwiOiJzeXNhZG1pbkBxYWNvZGVycy5jb20iLCJwYXNzd29yZCI6IiQyYiQxMCRhTXo4NTRBRmpETWtwUWZ6a040alh1Q05rQWpWSEsvRlR5Lll0WmF3M2pHcHpzL1RnbUtpSyIsImFjY2Vzc1Byb2ZpbGUiOiJTWVNBRE1JTiIsImNwZiI6IjExMTExMTExMTExIiwic3RhdHVzIjp0cnVlLCJhdWRpdCI6W3sicmVnaXN0ZXJlZEJ5Ijp7InVzZXJJZCI6IjExMTExMTExMTExMTExMTExMSIsInVzZXJMb2dpbiI6InN5c2FkbWluQHFhY29kZXJzLmNvbSJ9LCJyZWdpc3RyYXRpb25EYXRlIjoic2V4dGEtZmVpcmEsIDIwLzEwLzIwMjMsIDIwOjQwOjMwIEJSVCIsInJlZ2lzdHJhdGlvbk51bWJlciI6IjAxIiwiY29tcGFueUlkIjoiUWEuQ29kZXJzIiwiX2lkIjoiNjUzMzBmZWVlNzYwNjRmNDU5ZDVmMTBlIn1dLCJfX3YiOjAsImlhdCI6MTcxMzY0Nzg1NSwiZXhwIjoxNzEzNzM0MjU1fQ.49S6dMv7XIKjemPgm7o-zfC6dvtnVOB799J819W15PA', 'Content-Length': '18'} 
 body=b'{"status": "true"}' 
 </msg>
<msg time="2024-04-20T22:17:22.237426" level="INFO">PUT Response : url=https://chips.qacoders-academy.com.br/api/costCenter/status/662430f032cfe27bbd202a8d 
 status=202, reason=Accepted 
 headers={'Server': 'nginx/1.18.0 (Ubuntu)', 'Date': 'Sat, 20 Apr 2024 21:17:36 GMT', 'Content-Type': 'application/json; charset=utf-8', 'Content-Length': '49', 'Connection': 'keep-alive', 'X-Powered-By': 'Express', 'Access-Control-Allow-Origin': '*', 'Access-Control-Allow-Methods': 'GET, POST, OPTIONS, PUT, PATCH, DELETE', 'Access-Control-Allow-Headers': 'Origin, X-Requested-With, Content-Type, Accept, Authorization', 'ETag': 'W/"31-UqrMb5xyL1qyICZP5KZTjNUndrg"'} 
 body={"msg":"Centro de custos inativado com sucesso!"} 
 </msg>
<msg time="2024-04-20T22:17:22.237426" level="INFO">C:\Users\etmom\AppData\Local\Programs\Python\Python312\Lib\site-packages\urllib3\connectionpool.py:1103: InsecureRequestWarning: Unverified HTTPS request is being made to host 'chips.qacoders-academy.com.br'. Adding certificate verification is strongly advised. See: https://urllib3.readthedocs.io/en/latest/advanced-usage.html#tls-warnings
  warnings.warn(</msg>
<msg time="2024-04-20T22:17:22.238432" level="INFO">${alterar_CentrodeCustos} = &lt;Response [202]&gt;</msg>
<var>${alterar_CentrodeCustos}</var>
<arg>alias=Chips</arg>
<arg>url=/api/costCenter/status/${ID_COST}</arg>
<arg>expected_status=202</arg>
<arg>json=${novo_dado}</arg>
<arg>headers=${headers}</arg>
<doc>Sends a PUT request on a previously created HTTP Session.</doc>
<status status="PASS" start="2024-04-20T22:17:21.964760" elapsed="0.273672"/>
</kw>
<kw name="Log" owner="BuiltIn">
<msg time="2024-04-20T22:17:22.240433" level="INFO">{"msg":"Centro de custos inativado com sucesso!"}</msg>
<arg>${alterar_CentrodeCustos.content}</arg>
<doc>Logs the given message with the given level.</doc>
<status status="PASS" start="2024-04-20T22:17:22.239432" elapsed="0.001001"/>
</kw>
<kw name="Set Test Variable" owner="BuiltIn">
<msg time="2024-04-20T22:17:22.240433" level="INFO">${alterar_CentrodeCustos} = {'msg': 'Centro de custos inativado com sucesso!'}</msg>
<arg>${alterar_CentrodeCustos}</arg>
<arg>${alterar_CentrodeCustos.json()}</arg>
<doc>Makes a variable available everywhere within the scope of the current test.</doc>
<status status="PASS" start="2024-04-20T22:17:22.240433" elapsed="0.000999"/>
</kw>
<status status="PASS" start="2024-04-20T22:17:21.962762" elapsed="0.278670"/>
</kw>
<kw name="Conferir se status Cento de Custos foi alterada corretamente" owner="alterar_CentrodeCustos">
<kw name="Dictionary Should Contain Item" owner="Collections">
<msg time="2024-04-20T22:17:22.242438" level="INFO">False
False</msg>
<arg>${alterar_CentrodeCustos}</arg>
<arg>msg</arg>
<arg>Centro de custos inativado com sucesso!</arg>
<doc>An item of ``key`` / ``value`` must be found in a ``dictionary``.</doc>
<status status="PASS" start="2024-04-20T22:17:22.241432" elapsed="0.001006"/>
</kw>
<status status="PASS" start="2024-04-20T22:17:22.241432" elapsed="0.001006"/>
</kw>
<status status="PASS" start="2024-04-20T22:17:16.255766" elapsed="5.986672"/>
</test>
<status status="PASS" start="2024-04-20T22:17:16.010639" elapsed="6.232794"/>
</suite>
<statistics>
<total>
<stat pass="1" fail="0" skip="0">All Tests</stat>
</total>
<tag>
</tag>
<suite>
<stat pass="1" fail="0" skip="0" id="s1" name="put alterarCentrodeCustos">put alterarCentrodeCustos</stat>
</suite>
</statistics>
<errors>
</errors>
</robot>
